ARM GAS  /var/folders/w9/nchy6r0n3slcg4npnt_m90tc0000gn/T//ccRMuZ0H.s 			page 1


   1              		.cpu cortex-m0
   2              		.eabi_attribute 20, 1
   3              		.eabi_attribute 21, 1
   4              		.eabi_attribute 23, 3
   5              		.eabi_attribute 24, 1
   6              		.eabi_attribute 25, 1
   7              		.eabi_attribute 26, 1
   8              		.eabi_attribute 30, 1
   9              		.eabi_attribute 34, 0
  10              		.eabi_attribute 18, 4
  11              		.file	"main.c"
  12              		.text
  13              	.Ltext0:
  14              		.cfi_sections	.debug_frame
  15              		.section	.text.Error_Handler,"ax",%progbits
  16              		.align	1
  17              		.global	Error_Handler
  18              		.arch armv6s-m
  19              		.syntax unified
  20              		.code	16
  21              		.thumb_func
  22              		.fpu softvfp
  24              	Error_Handler:
  25              	.LFB42:
  26              		.file 1 "Core/Src/main.c"
   1:Core/Src/main.c **** /* USER CODE BEGIN Header */
   2:Core/Src/main.c **** /**
   3:Core/Src/main.c ****   ******************************************************************************
   4:Core/Src/main.c ****   * @file           : main.c
   5:Core/Src/main.c ****   * @brief          : Main program body
   6:Core/Src/main.c ****   ******************************************************************************
   7:Core/Src/main.c ****   * @attention
   8:Core/Src/main.c ****   *
   9:Core/Src/main.c ****   * Copyright (c) 2024 STMicroelectronics.
  10:Core/Src/main.c ****   * All rights reserved.
  11:Core/Src/main.c ****   *
  12:Core/Src/main.c ****   * This software is licensed under terms that can be found in the LICENSE file
  13:Core/Src/main.c ****   * in the root directory of this software component.
  14:Core/Src/main.c ****   * If no LICENSE file comes with this software, it is provided AS-IS.
  15:Core/Src/main.c ****   *
  16:Core/Src/main.c ****   ******************************************************************************
  17:Core/Src/main.c ****   */
  18:Core/Src/main.c **** /* USER CODE END Header */
  19:Core/Src/main.c **** /* Includes ------------------------------------------------------------------*/
  20:Core/Src/main.c **** #include "main.h"
  21:Core/Src/main.c **** 
  22:Core/Src/main.c **** /* Private includes ----------------------------------------------------------*/
  23:Core/Src/main.c **** /* USER CODE BEGIN Includes */
  24:Core/Src/main.c **** 
  25:Core/Src/main.c **** /* USER CODE END Includes */
  26:Core/Src/main.c **** 
  27:Core/Src/main.c **** /* Private typedef -----------------------------------------------------------*/
  28:Core/Src/main.c **** /* USER CODE BEGIN PTD */
  29:Core/Src/main.c **** 
  30:Core/Src/main.c **** /* USER CODE END PTD */
  31:Core/Src/main.c **** 
  32:Core/Src/main.c **** /* Private define ------------------------------------------------------------*/
ARM GAS  /var/folders/w9/nchy6r0n3slcg4npnt_m90tc0000gn/T//ccRMuZ0H.s 			page 2


  33:Core/Src/main.c **** /* USER CODE BEGIN PD */
  34:Core/Src/main.c **** 
  35:Core/Src/main.c **** /* USER CODE END PD */
  36:Core/Src/main.c **** 
  37:Core/Src/main.c **** /* Private macro -------------------------------------------------------------*/
  38:Core/Src/main.c **** /* USER CODE BEGIN PM */
  39:Core/Src/main.c **** 
  40:Core/Src/main.c **** /* USER CODE END PM */
  41:Core/Src/main.c **** 
  42:Core/Src/main.c **** /* Private variables ---------------------------------------------------------*/
  43:Core/Src/main.c **** 
  44:Core/Src/main.c **** /* USER CODE BEGIN PV */
  45:Core/Src/main.c **** 
  46:Core/Src/main.c **** /* USER CODE END PV */
  47:Core/Src/main.c **** 
  48:Core/Src/main.c **** /* Private function prototypes -----------------------------------------------*/
  49:Core/Src/main.c **** void SystemClock_Config(void);
  50:Core/Src/main.c **** /* USER CODE BEGIN PFP */
  51:Core/Src/main.c **** 
  52:Core/Src/main.c **** /* USER CODE END PFP */
  53:Core/Src/main.c **** 
  54:Core/Src/main.c **** /* Private user code ---------------------------------------------------------*/
  55:Core/Src/main.c **** /* USER CODE BEGIN 0 */
  56:Core/Src/main.c **** 
  57:Core/Src/main.c **** /* USER CODE END 0 */
  58:Core/Src/main.c **** 
  59:Core/Src/main.c **** /**
  60:Core/Src/main.c ****   * @brief  The application entry point.
  61:Core/Src/main.c ****   * @retval int
  62:Core/Src/main.c ****   */
  63:Core/Src/main.c **** int main(void)
  64:Core/Src/main.c **** {
  65:Core/Src/main.c **** 
  66:Core/Src/main.c ****   /* USER CODE BEGIN 1 */
  67:Core/Src/main.c **** 
  68:Core/Src/main.c ****   /* USER CODE END 1 */
  69:Core/Src/main.c **** 
  70:Core/Src/main.c ****   /* MCU Configuration--------------------------------------------------------*/
  71:Core/Src/main.c **** 
  72:Core/Src/main.c ****   /* Reset of all peripherals, Initializes the Flash interface and the Systick. */
  73:Core/Src/main.c ****   HAL_Init();
  74:Core/Src/main.c **** 
  75:Core/Src/main.c ****   /* USER CODE BEGIN Init */
  76:Core/Src/main.c **** 
  77:Core/Src/main.c ****   /* USER CODE END Init */
  78:Core/Src/main.c **** 
  79:Core/Src/main.c ****   /* Configure the system clock */
  80:Core/Src/main.c ****   SystemClock_Config();
  81:Core/Src/main.c **** 
  82:Core/Src/main.c ****   /* USER CODE BEGIN SysInit */
  83:Core/Src/main.c **** 
  84:Core/Src/main.c ****   /* USER CODE END SysInit */
  85:Core/Src/main.c **** 
  86:Core/Src/main.c ****   /* Initialize all configured peripherals */
  87:Core/Src/main.c ****   /* USER CODE BEGIN 2 */
  88:Core/Src/main.c **** 
  89:Core/Src/main.c ****   /* USER CODE END 2 */
ARM GAS  /var/folders/w9/nchy6r0n3slcg4npnt_m90tc0000gn/T//ccRMuZ0H.s 			page 3


  90:Core/Src/main.c **** 
  91:Core/Src/main.c ****   /* Infinite loop */
  92:Core/Src/main.c ****   /* USER CODE BEGIN WHILE */
  93:Core/Src/main.c ****   while (1)
  94:Core/Src/main.c ****   {
  95:Core/Src/main.c ****     /* USER CODE END WHILE */
  96:Core/Src/main.c **** 
  97:Core/Src/main.c ****     /* USER CODE BEGIN 3 */
  98:Core/Src/main.c ****   }
  99:Core/Src/main.c ****   /* USER CODE END 3 */
 100:Core/Src/main.c **** }
 101:Core/Src/main.c **** 
 102:Core/Src/main.c **** /**
 103:Core/Src/main.c ****   * @brief System Clock Configuration
 104:Core/Src/main.c ****   * @retval None
 105:Core/Src/main.c ****   */
 106:Core/Src/main.c **** void SystemClock_Config(void)
 107:Core/Src/main.c **** {
 108:Core/Src/main.c ****   RCC_OscInitTypeDef RCC_OscInitStruct = {0};
 109:Core/Src/main.c ****   RCC_ClkInitTypeDef RCC_ClkInitStruct = {0};
 110:Core/Src/main.c **** 
 111:Core/Src/main.c ****   /** Initializes the RCC Oscillators according to the specified parameters
 112:Core/Src/main.c ****   * in the RCC_OscInitTypeDef structure.
 113:Core/Src/main.c ****   */
 114:Core/Src/main.c ****   RCC_OscInitStruct.OscillatorType = RCC_OSCILLATORTYPE_HSI;
 115:Core/Src/main.c ****   RCC_OscInitStruct.HSIState = RCC_HSI_ON;
 116:Core/Src/main.c ****   RCC_OscInitStruct.HSICalibrationValue = RCC_HSICALIBRATION_DEFAULT;
 117:Core/Src/main.c ****   RCC_OscInitStruct.PLL.PLLState = RCC_PLL_NONE;
 118:Core/Src/main.c ****   if (HAL_RCC_OscConfig(&RCC_OscInitStruct) != HAL_OK)
 119:Core/Src/main.c ****   {
 120:Core/Src/main.c ****     Error_Handler();
 121:Core/Src/main.c ****   }
 122:Core/Src/main.c **** 
 123:Core/Src/main.c ****   /** Initializes the CPU, AHB and APB buses clocks
 124:Core/Src/main.c ****   */
 125:Core/Src/main.c ****   RCC_ClkInitStruct.ClockType = RCC_CLOCKTYPE_HCLK|RCC_CLOCKTYPE_SYSCLK
 126:Core/Src/main.c ****                               |RCC_CLOCKTYPE_PCLK1;
 127:Core/Src/main.c ****   RCC_ClkInitStruct.SYSCLKSource = RCC_SYSCLKSOURCE_HSI;
 128:Core/Src/main.c ****   RCC_ClkInitStruct.AHBCLKDivider = RCC_SYSCLK_DIV1;
 129:Core/Src/main.c ****   RCC_ClkInitStruct.APB1CLKDivider = RCC_HCLK_DIV1;
 130:Core/Src/main.c **** 
 131:Core/Src/main.c ****   if (HAL_RCC_ClockConfig(&RCC_ClkInitStruct, FLASH_LATENCY_0) != HAL_OK)
 132:Core/Src/main.c ****   {
 133:Core/Src/main.c ****     Error_Handler();
 134:Core/Src/main.c ****   }
 135:Core/Src/main.c **** }
 136:Core/Src/main.c **** 
 137:Core/Src/main.c **** /* USER CODE BEGIN 4 */
 138:Core/Src/main.c **** 
 139:Core/Src/main.c **** /* USER CODE END 4 */
 140:Core/Src/main.c **** 
 141:Core/Src/main.c **** /**
 142:Core/Src/main.c ****   * @brief  This function is executed in case of error occurrence.
 143:Core/Src/main.c ****   * @retval None
 144:Core/Src/main.c ****   */
 145:Core/Src/main.c **** void Error_Handler(void)
 146:Core/Src/main.c **** {
ARM GAS  /var/folders/w9/nchy6r0n3slcg4npnt_m90tc0000gn/T//ccRMuZ0H.s 			page 4


  27              		.loc 1 146 1 view -0
  28              		.cfi_startproc
  29              		@ Volatile: function does not return.
  30              		@ args = 0, pretend = 0, frame = 0
  31              		@ frame_needed = 0, uses_anonymous_args = 0
  32              		@ link register save eliminated.
 147:Core/Src/main.c ****   /* USER CODE BEGIN Error_Handler_Debug */
 148:Core/Src/main.c ****   /* User can add his own implementation to report the HAL error return state */
 149:Core/Src/main.c ****   __disable_irq();
  33              		.loc 1 149 3 view .LVU1
  34              	.LBB4:
  35              	.LBI4:
  36              		.file 2 "Drivers/CMSIS/Include/cmsis_gcc.h"
   1:Drivers/CMSIS/Include/cmsis_gcc.h **** /**************************************************************************//**
   2:Drivers/CMSIS/Include/cmsis_gcc.h ****  * @file     cmsis_gcc.h
   3:Drivers/CMSIS/Include/cmsis_gcc.h ****  * @brief    CMSIS compiler GCC header file
   4:Drivers/CMSIS/Include/cmsis_gcc.h ****  * @version  V5.0.4
   5:Drivers/CMSIS/Include/cmsis_gcc.h ****  * @date     09. April 2018
   6:Drivers/CMSIS/Include/cmsis_gcc.h ****  ******************************************************************************/
   7:Drivers/CMSIS/Include/cmsis_gcc.h **** /*
   8:Drivers/CMSIS/Include/cmsis_gcc.h ****  * Copyright (c) 2009-2018 Arm Limited. All rights reserved.
   9:Drivers/CMSIS/Include/cmsis_gcc.h ****  *
  10:Drivers/CMSIS/Include/cmsis_gcc.h ****  * SPDX-License-Identifier: Apache-2.0
  11:Drivers/CMSIS/Include/cmsis_gcc.h ****  *
  12:Drivers/CMSIS/Include/cmsis_gcc.h ****  * Licensed under the Apache License, Version 2.0 (the License); you may
  13:Drivers/CMSIS/Include/cmsis_gcc.h ****  * not use this file except in compliance with the License.
  14:Drivers/CMSIS/Include/cmsis_gcc.h ****  * You may obtain a copy of the License at
  15:Drivers/CMSIS/Include/cmsis_gcc.h ****  *
  16:Drivers/CMSIS/Include/cmsis_gcc.h ****  * www.apache.org/licenses/LICENSE-2.0
  17:Drivers/CMSIS/Include/cmsis_gcc.h ****  *
  18:Drivers/CMSIS/Include/cmsis_gcc.h ****  * Unless required by applicable law or agreed to in writing, software
  19:Drivers/CMSIS/Include/cmsis_gcc.h ****  * distributed under the License is distributed on an AS IS BASIS, WITHOUT
  20:Drivers/CMSIS/Include/cmsis_gcc.h ****  * WARRANTIES OR CONDITIONS OF ANY KIND, either express or implied.
  21:Drivers/CMSIS/Include/cmsis_gcc.h ****  * See the License for the specific language governing permissions and
  22:Drivers/CMSIS/Include/cmsis_gcc.h ****  * limitations under the License.
  23:Drivers/CMSIS/Include/cmsis_gcc.h ****  */
  24:Drivers/CMSIS/Include/cmsis_gcc.h **** 
  25:Drivers/CMSIS/Include/cmsis_gcc.h **** #ifndef __CMSIS_GCC_H
  26:Drivers/CMSIS/Include/cmsis_gcc.h **** #define __CMSIS_GCC_H
  27:Drivers/CMSIS/Include/cmsis_gcc.h **** 
  28:Drivers/CMSIS/Include/cmsis_gcc.h **** /* ignore some GCC warnings */
  29:Drivers/CMSIS/Include/cmsis_gcc.h **** #pragma GCC diagnostic push
  30:Drivers/CMSIS/Include/cmsis_gcc.h **** #pragma GCC diagnostic ignored "-Wsign-conversion"
  31:Drivers/CMSIS/Include/cmsis_gcc.h **** #pragma GCC diagnostic ignored "-Wconversion"
  32:Drivers/CMSIS/Include/cmsis_gcc.h **** #pragma GCC diagnostic ignored "-Wunused-parameter"
  33:Drivers/CMSIS/Include/cmsis_gcc.h **** 
  34:Drivers/CMSIS/Include/cmsis_gcc.h **** /* Fallback for __has_builtin */
  35:Drivers/CMSIS/Include/cmsis_gcc.h **** #ifndef __has_builtin
  36:Drivers/CMSIS/Include/cmsis_gcc.h ****   #define __has_builtin(x) (0)
  37:Drivers/CMSIS/Include/cmsis_gcc.h **** #endif
  38:Drivers/CMSIS/Include/cmsis_gcc.h **** 
  39:Drivers/CMSIS/Include/cmsis_gcc.h **** /* CMSIS compiler specific defines */
  40:Drivers/CMSIS/Include/cmsis_gcc.h **** #ifndef   __ASM
  41:Drivers/CMSIS/Include/cmsis_gcc.h ****   #define __ASM                                  __asm
  42:Drivers/CMSIS/Include/cmsis_gcc.h **** #endif
  43:Drivers/CMSIS/Include/cmsis_gcc.h **** #ifndef   __INLINE
  44:Drivers/CMSIS/Include/cmsis_gcc.h ****   #define __INLINE                               inline
ARM GAS  /var/folders/w9/nchy6r0n3slcg4npnt_m90tc0000gn/T//ccRMuZ0H.s 			page 5


  45:Drivers/CMSIS/Include/cmsis_gcc.h **** #endif
  46:Drivers/CMSIS/Include/cmsis_gcc.h **** #ifndef   __STATIC_INLINE
  47:Drivers/CMSIS/Include/cmsis_gcc.h ****   #define __STATIC_INLINE                        static inline
  48:Drivers/CMSIS/Include/cmsis_gcc.h **** #endif
  49:Drivers/CMSIS/Include/cmsis_gcc.h **** #ifndef   __STATIC_FORCEINLINE                 
  50:Drivers/CMSIS/Include/cmsis_gcc.h ****   #define __STATIC_FORCEINLINE                   __attribute__((always_inline)) static inline
  51:Drivers/CMSIS/Include/cmsis_gcc.h **** #endif                                           
  52:Drivers/CMSIS/Include/cmsis_gcc.h **** #ifndef   __NO_RETURN
  53:Drivers/CMSIS/Include/cmsis_gcc.h ****   #define __NO_RETURN                            __attribute__((__noreturn__))
  54:Drivers/CMSIS/Include/cmsis_gcc.h **** #endif
  55:Drivers/CMSIS/Include/cmsis_gcc.h **** #ifndef   __USED
  56:Drivers/CMSIS/Include/cmsis_gcc.h ****   #define __USED                                 __attribute__((used))
  57:Drivers/CMSIS/Include/cmsis_gcc.h **** #endif
  58:Drivers/CMSIS/Include/cmsis_gcc.h **** #ifndef   __WEAK
  59:Drivers/CMSIS/Include/cmsis_gcc.h ****   #define __WEAK                                 __attribute__((weak))
  60:Drivers/CMSIS/Include/cmsis_gcc.h **** #endif
  61:Drivers/CMSIS/Include/cmsis_gcc.h **** #ifndef   __PACKED
  62:Drivers/CMSIS/Include/cmsis_gcc.h ****   #define __PACKED                               __attribute__((packed, aligned(1)))
  63:Drivers/CMSIS/Include/cmsis_gcc.h **** #endif
  64:Drivers/CMSIS/Include/cmsis_gcc.h **** #ifndef   __PACKED_STRUCT
  65:Drivers/CMSIS/Include/cmsis_gcc.h ****   #define __PACKED_STRUCT                        struct __attribute__((packed, aligned(1)))
  66:Drivers/CMSIS/Include/cmsis_gcc.h **** #endif
  67:Drivers/CMSIS/Include/cmsis_gcc.h **** #ifndef   __PACKED_UNION
  68:Drivers/CMSIS/Include/cmsis_gcc.h ****   #define __PACKED_UNION                         union __attribute__((packed, aligned(1)))
  69:Drivers/CMSIS/Include/cmsis_gcc.h **** #endif
  70:Drivers/CMSIS/Include/cmsis_gcc.h **** #ifndef   __UNALIGNED_UINT32        /* deprecated */
  71:Drivers/CMSIS/Include/cmsis_gcc.h ****   #pragma GCC diagnostic push
  72:Drivers/CMSIS/Include/cmsis_gcc.h ****   #pragma GCC diagnostic ignored "-Wpacked"
  73:Drivers/CMSIS/Include/cmsis_gcc.h ****   #pragma GCC diagnostic ignored "-Wattributes"
  74:Drivers/CMSIS/Include/cmsis_gcc.h ****   struct __attribute__((packed)) T_UINT32 { uint32_t v; };
  75:Drivers/CMSIS/Include/cmsis_gcc.h ****   #pragma GCC diagnostic pop
  76:Drivers/CMSIS/Include/cmsis_gcc.h ****   #define __UNALIGNED_UINT32(x)                  (((struct T_UINT32 *)(x))->v)
  77:Drivers/CMSIS/Include/cmsis_gcc.h **** #endif
  78:Drivers/CMSIS/Include/cmsis_gcc.h **** #ifndef   __UNALIGNED_UINT16_WRITE
  79:Drivers/CMSIS/Include/cmsis_gcc.h ****   #pragma GCC diagnostic push
  80:Drivers/CMSIS/Include/cmsis_gcc.h ****   #pragma GCC diagnostic ignored "-Wpacked"
  81:Drivers/CMSIS/Include/cmsis_gcc.h ****   #pragma GCC diagnostic ignored "-Wattributes"
  82:Drivers/CMSIS/Include/cmsis_gcc.h ****   __PACKED_STRUCT T_UINT16_WRITE { uint16_t v; };
  83:Drivers/CMSIS/Include/cmsis_gcc.h ****   #pragma GCC diagnostic pop
  84:Drivers/CMSIS/Include/cmsis_gcc.h ****   #define __UNALIGNED_UINT16_WRITE(addr, val)    (void)((((struct T_UINT16_WRITE *)(void *)(addr))-
  85:Drivers/CMSIS/Include/cmsis_gcc.h **** #endif
  86:Drivers/CMSIS/Include/cmsis_gcc.h **** #ifndef   __UNALIGNED_UINT16_READ
  87:Drivers/CMSIS/Include/cmsis_gcc.h ****   #pragma GCC diagnostic push
  88:Drivers/CMSIS/Include/cmsis_gcc.h ****   #pragma GCC diagnostic ignored "-Wpacked"
  89:Drivers/CMSIS/Include/cmsis_gcc.h ****   #pragma GCC diagnostic ignored "-Wattributes"
  90:Drivers/CMSIS/Include/cmsis_gcc.h ****   __PACKED_STRUCT T_UINT16_READ { uint16_t v; };
  91:Drivers/CMSIS/Include/cmsis_gcc.h ****   #pragma GCC diagnostic pop
  92:Drivers/CMSIS/Include/cmsis_gcc.h ****   #define __UNALIGNED_UINT16_READ(addr)          (((const struct T_UINT16_READ *)(const void *)(add
  93:Drivers/CMSIS/Include/cmsis_gcc.h **** #endif
  94:Drivers/CMSIS/Include/cmsis_gcc.h **** #ifndef   __UNALIGNED_UINT32_WRITE
  95:Drivers/CMSIS/Include/cmsis_gcc.h ****   #pragma GCC diagnostic push
  96:Drivers/CMSIS/Include/cmsis_gcc.h ****   #pragma GCC diagnostic ignored "-Wpacked"
  97:Drivers/CMSIS/Include/cmsis_gcc.h ****   #pragma GCC diagnostic ignored "-Wattributes"
  98:Drivers/CMSIS/Include/cmsis_gcc.h ****   __PACKED_STRUCT T_UINT32_WRITE { uint32_t v; };
  99:Drivers/CMSIS/Include/cmsis_gcc.h ****   #pragma GCC diagnostic pop
 100:Drivers/CMSIS/Include/cmsis_gcc.h ****   #define __UNALIGNED_UINT32_WRITE(addr, val)    (void)((((struct T_UINT32_WRITE *)(void *)(addr))-
 101:Drivers/CMSIS/Include/cmsis_gcc.h **** #endif
ARM GAS  /var/folders/w9/nchy6r0n3slcg4npnt_m90tc0000gn/T//ccRMuZ0H.s 			page 6


 102:Drivers/CMSIS/Include/cmsis_gcc.h **** #ifndef   __UNALIGNED_UINT32_READ
 103:Drivers/CMSIS/Include/cmsis_gcc.h ****   #pragma GCC diagnostic push
 104:Drivers/CMSIS/Include/cmsis_gcc.h ****   #pragma GCC diagnostic ignored "-Wpacked"
 105:Drivers/CMSIS/Include/cmsis_gcc.h ****   #pragma GCC diagnostic ignored "-Wattributes"
 106:Drivers/CMSIS/Include/cmsis_gcc.h ****   __PACKED_STRUCT T_UINT32_READ { uint32_t v; };
 107:Drivers/CMSIS/Include/cmsis_gcc.h ****   #pragma GCC diagnostic pop
 108:Drivers/CMSIS/Include/cmsis_gcc.h ****   #define __UNALIGNED_UINT32_READ(addr)          (((const struct T_UINT32_READ *)(const void *)(add
 109:Drivers/CMSIS/Include/cmsis_gcc.h **** #endif
 110:Drivers/CMSIS/Include/cmsis_gcc.h **** #ifndef   __ALIGNED
 111:Drivers/CMSIS/Include/cmsis_gcc.h ****   #define __ALIGNED(x)                           __attribute__((aligned(x)))
 112:Drivers/CMSIS/Include/cmsis_gcc.h **** #endif
 113:Drivers/CMSIS/Include/cmsis_gcc.h **** #ifndef   __RESTRICT
 114:Drivers/CMSIS/Include/cmsis_gcc.h ****   #define __RESTRICT                             __restrict
 115:Drivers/CMSIS/Include/cmsis_gcc.h **** #endif
 116:Drivers/CMSIS/Include/cmsis_gcc.h **** 
 117:Drivers/CMSIS/Include/cmsis_gcc.h **** 
 118:Drivers/CMSIS/Include/cmsis_gcc.h **** /* ###########################  Core Function Access  ########################### */
 119:Drivers/CMSIS/Include/cmsis_gcc.h **** /** \ingroup  CMSIS_Core_FunctionInterface
 120:Drivers/CMSIS/Include/cmsis_gcc.h ****     \defgroup CMSIS_Core_RegAccFunctions CMSIS Core Register Access Functions
 121:Drivers/CMSIS/Include/cmsis_gcc.h ****   @{
 122:Drivers/CMSIS/Include/cmsis_gcc.h ****  */
 123:Drivers/CMSIS/Include/cmsis_gcc.h **** 
 124:Drivers/CMSIS/Include/cmsis_gcc.h **** /**
 125:Drivers/CMSIS/Include/cmsis_gcc.h ****   \brief   Enable IRQ Interrupts
 126:Drivers/CMSIS/Include/cmsis_gcc.h ****   \details Enables IRQ interrupts by clearing the I-bit in the CPSR.
 127:Drivers/CMSIS/Include/cmsis_gcc.h ****            Can only be executed in Privileged modes.
 128:Drivers/CMSIS/Include/cmsis_gcc.h ****  */
 129:Drivers/CMSIS/Include/cmsis_gcc.h **** __STATIC_FORCEINLINE void __enable_irq(void)
 130:Drivers/CMSIS/Include/cmsis_gcc.h **** {
 131:Drivers/CMSIS/Include/cmsis_gcc.h ****   __ASM volatile ("cpsie i" : : : "memory");
 132:Drivers/CMSIS/Include/cmsis_gcc.h **** }
 133:Drivers/CMSIS/Include/cmsis_gcc.h **** 
 134:Drivers/CMSIS/Include/cmsis_gcc.h **** 
 135:Drivers/CMSIS/Include/cmsis_gcc.h **** /**
 136:Drivers/CMSIS/Include/cmsis_gcc.h ****   \brief   Disable IRQ Interrupts
 137:Drivers/CMSIS/Include/cmsis_gcc.h ****   \details Disables IRQ interrupts by setting the I-bit in the CPSR.
 138:Drivers/CMSIS/Include/cmsis_gcc.h ****            Can only be executed in Privileged modes.
 139:Drivers/CMSIS/Include/cmsis_gcc.h ****  */
 140:Drivers/CMSIS/Include/cmsis_gcc.h **** __STATIC_FORCEINLINE void __disable_irq(void)
  37              		.loc 2 140 27 view .LVU2
  38              	.LBB5:
 141:Drivers/CMSIS/Include/cmsis_gcc.h **** {
 142:Drivers/CMSIS/Include/cmsis_gcc.h ****   __ASM volatile ("cpsid i" : : : "memory");
  39              		.loc 2 142 3 view .LVU3
  40              		.syntax divided
  41              	@ 142 "Drivers/CMSIS/Include/cmsis_gcc.h" 1
  42 0000 72B6     		cpsid i
  43              	@ 0 "" 2
  44              		.thumb
  45              		.syntax unified
  46              	.L2:
  47              	.LBE5:
  48              	.LBE4:
 150:Core/Src/main.c ****   while (1)
  49              		.loc 1 150 3 discriminator 1 view .LVU4
 151:Core/Src/main.c ****   {
 152:Core/Src/main.c ****   }
ARM GAS  /var/folders/w9/nchy6r0n3slcg4npnt_m90tc0000gn/T//ccRMuZ0H.s 			page 7


  50              		.loc 1 152 3 discriminator 1 view .LVU5
 150:Core/Src/main.c ****   while (1)
  51              		.loc 1 150 9 discriminator 1 view .LVU6
  52 0002 FEE7     		b	.L2
  53              		.cfi_endproc
  54              	.LFE42:
  56              		.section	.text.SystemClock_Config,"ax",%progbits
  57              		.align	1
  58              		.global	SystemClock_Config
  59              		.syntax unified
  60              		.code	16
  61              		.thumb_func
  62              		.fpu softvfp
  64              	SystemClock_Config:
  65              	.LFB41:
 107:Core/Src/main.c ****   RCC_OscInitTypeDef RCC_OscInitStruct = {0};
  66              		.loc 1 107 1 view -0
  67              		.cfi_startproc
  68              		@ args = 0, pretend = 0, frame = 64
  69              		@ frame_needed = 0, uses_anonymous_args = 0
  70 0000 00B5     		push	{lr}
  71              	.LCFI0:
  72              		.cfi_def_cfa_offset 4
  73              		.cfi_offset 14, -4
  74 0002 91B0     		sub	sp, sp, #68
  75              	.LCFI1:
  76              		.cfi_def_cfa_offset 72
 108:Core/Src/main.c ****   RCC_ClkInitTypeDef RCC_ClkInitStruct = {0};
  77              		.loc 1 108 3 view .LVU8
 108:Core/Src/main.c ****   RCC_ClkInitTypeDef RCC_ClkInitStruct = {0};
  78              		.loc 1 108 22 is_stmt 0 view .LVU9
  79 0004 3022     		movs	r2, #48
  80 0006 0021     		movs	r1, #0
  81 0008 04A8     		add	r0, sp, #16
  82 000a FFF7FEFF 		bl	memset
  83              	.LVL0:
 109:Core/Src/main.c **** 
  84              		.loc 1 109 3 is_stmt 1 view .LVU10
 109:Core/Src/main.c **** 
  85              		.loc 1 109 22 is_stmt 0 view .LVU11
  86 000e 1022     		movs	r2, #16
  87 0010 0021     		movs	r1, #0
  88 0012 6846     		mov	r0, sp
  89 0014 FFF7FEFF 		bl	memset
  90              	.LVL1:
 114:Core/Src/main.c ****   RCC_OscInitStruct.HSIState = RCC_HSI_ON;
  91              		.loc 1 114 3 is_stmt 1 view .LVU12
 114:Core/Src/main.c ****   RCC_OscInitStruct.HSIState = RCC_HSI_ON;
  92              		.loc 1 114 36 is_stmt 0 view .LVU13
  93 0018 0223     		movs	r3, #2
  94 001a 0493     		str	r3, [sp, #16]
 115:Core/Src/main.c ****   RCC_OscInitStruct.HSICalibrationValue = RCC_HSICALIBRATION_DEFAULT;
  95              		.loc 1 115 3 is_stmt 1 view .LVU14
 115:Core/Src/main.c ****   RCC_OscInitStruct.HSICalibrationValue = RCC_HSICALIBRATION_DEFAULT;
  96              		.loc 1 115 30 is_stmt 0 view .LVU15
  97 001c 013B     		subs	r3, r3, #1
  98 001e 0793     		str	r3, [sp, #28]
ARM GAS  /var/folders/w9/nchy6r0n3slcg4npnt_m90tc0000gn/T//ccRMuZ0H.s 			page 8


 116:Core/Src/main.c ****   RCC_OscInitStruct.PLL.PLLState = RCC_PLL_NONE;
  99              		.loc 1 116 3 is_stmt 1 view .LVU16
 116:Core/Src/main.c ****   RCC_OscInitStruct.PLL.PLLState = RCC_PLL_NONE;
 100              		.loc 1 116 41 is_stmt 0 view .LVU17
 101 0020 0F33     		adds	r3, r3, #15
 102 0022 0893     		str	r3, [sp, #32]
 117:Core/Src/main.c ****   if (HAL_RCC_OscConfig(&RCC_OscInitStruct) != HAL_OK)
 103              		.loc 1 117 3 is_stmt 1 view .LVU18
 118:Core/Src/main.c ****   {
 104              		.loc 1 118 3 view .LVU19
 118:Core/Src/main.c ****   {
 105              		.loc 1 118 7 is_stmt 0 view .LVU20
 106 0024 04A8     		add	r0, sp, #16
 107 0026 FFF7FEFF 		bl	HAL_RCC_OscConfig
 108              	.LVL2:
 118:Core/Src/main.c ****   {
 109              		.loc 1 118 6 view .LVU21
 110 002a 0028     		cmp	r0, #0
 111 002c 0DD1     		bne	.L6
 125:Core/Src/main.c ****                               |RCC_CLOCKTYPE_PCLK1;
 112              		.loc 1 125 3 is_stmt 1 view .LVU22
 125:Core/Src/main.c ****                               |RCC_CLOCKTYPE_PCLK1;
 113              		.loc 1 125 31 is_stmt 0 view .LVU23
 114 002e 0723     		movs	r3, #7
 115 0030 0093     		str	r3, [sp]
 127:Core/Src/main.c ****   RCC_ClkInitStruct.AHBCLKDivider = RCC_SYSCLK_DIV1;
 116              		.loc 1 127 3 is_stmt 1 view .LVU24
 127:Core/Src/main.c ****   RCC_ClkInitStruct.AHBCLKDivider = RCC_SYSCLK_DIV1;
 117              		.loc 1 127 34 is_stmt 0 view .LVU25
 118 0032 0023     		movs	r3, #0
 119 0034 0193     		str	r3, [sp, #4]
 128:Core/Src/main.c ****   RCC_ClkInitStruct.APB1CLKDivider = RCC_HCLK_DIV1;
 120              		.loc 1 128 3 is_stmt 1 view .LVU26
 128:Core/Src/main.c ****   RCC_ClkInitStruct.APB1CLKDivider = RCC_HCLK_DIV1;
 121              		.loc 1 128 35 is_stmt 0 view .LVU27
 122 0036 0293     		str	r3, [sp, #8]
 129:Core/Src/main.c **** 
 123              		.loc 1 129 3 is_stmt 1 view .LVU28
 129:Core/Src/main.c **** 
 124              		.loc 1 129 36 is_stmt 0 view .LVU29
 125 0038 0393     		str	r3, [sp, #12]
 131:Core/Src/main.c ****   {
 126              		.loc 1 131 3 is_stmt 1 view .LVU30
 131:Core/Src/main.c ****   {
 127              		.loc 1 131 7 is_stmt 0 view .LVU31
 128 003a 0021     		movs	r1, #0
 129 003c 6846     		mov	r0, sp
 130 003e FFF7FEFF 		bl	HAL_RCC_ClockConfig
 131              	.LVL3:
 131:Core/Src/main.c ****   {
 132              		.loc 1 131 6 view .LVU32
 133 0042 0028     		cmp	r0, #0
 134 0044 03D1     		bne	.L7
 135:Core/Src/main.c **** 
 135              		.loc 1 135 1 view .LVU33
 136 0046 11B0     		add	sp, sp, #68
 137              		@ sp needed
ARM GAS  /var/folders/w9/nchy6r0n3slcg4npnt_m90tc0000gn/T//ccRMuZ0H.s 			page 9


 138 0048 00BD     		pop	{pc}
 139              	.L6:
 120:Core/Src/main.c ****   }
 140              		.loc 1 120 5 is_stmt 1 view .LVU34
 141 004a FFF7FEFF 		bl	Error_Handler
 142              	.LVL4:
 143              	.L7:
 133:Core/Src/main.c ****   }
 144              		.loc 1 133 5 view .LVU35
 145 004e FFF7FEFF 		bl	Error_Handler
 146              	.LVL5:
 147              		.cfi_endproc
 148              	.LFE41:
 150              		.section	.text.main,"ax",%progbits
 151              		.align	1
 152              		.global	main
 153              		.syntax unified
 154              		.code	16
 155              		.thumb_func
 156              		.fpu softvfp
 158              	main:
 159              	.LFB40:
  64:Core/Src/main.c **** 
 160              		.loc 1 64 1 view -0
 161              		.cfi_startproc
 162              		@ Volatile: function does not return.
 163              		@ args = 0, pretend = 0, frame = 0
 164              		@ frame_needed = 0, uses_anonymous_args = 0
 165 0000 10B5     		push	{r4, lr}
 166              	.LCFI2:
 167              		.cfi_def_cfa_offset 8
 168              		.cfi_offset 4, -8
 169              		.cfi_offset 14, -4
  73:Core/Src/main.c **** 
 170              		.loc 1 73 3 view .LVU37
 171 0002 FFF7FEFF 		bl	HAL_Init
 172              	.LVL6:
  80:Core/Src/main.c **** 
 173              		.loc 1 80 3 view .LVU38
 174 0006 FFF7FEFF 		bl	SystemClock_Config
 175              	.LVL7:
 176              	.L9:
  93:Core/Src/main.c ****   {
 177              		.loc 1 93 3 discriminator 1 view .LVU39
  98:Core/Src/main.c ****   /* USER CODE END 3 */
 178              		.loc 1 98 3 discriminator 1 view .LVU40
  93:Core/Src/main.c ****   {
 179              		.loc 1 93 9 discriminator 1 view .LVU41
 180 000a FEE7     		b	.L9
 181              		.cfi_endproc
 182              	.LFE40:
 184              		.text
 185              	.Letext0:
 186              		.file 3 "/opt/homebrew/Cellar/arm-none-eabi-gcc/10.3-2021.07/gcc/arm-none-eabi/include/machine/_de
 187              		.file 4 "/opt/homebrew/Cellar/arm-none-eabi-gcc/10.3-2021.07/gcc/arm-none-eabi/include/sys/_stdint
 188              		.file 5 "Drivers/STM32F0xx_HAL_Driver/Inc/stm32f0xx_hal_rcc.h"
 189              		.file 6 "Drivers/STM32F0xx_HAL_Driver/Inc/stm32f0xx_hal.h"
ARM GAS  /var/folders/w9/nchy6r0n3slcg4npnt_m90tc0000gn/T//ccRMuZ0H.s 			page 10


 190              		.file 7 "Drivers/STM32F0xx_HAL_Driver/Inc/stm32f0xx_hal_def.h"
 191              		.file 8 "<built-in>"
ARM GAS  /var/folders/w9/nchy6r0n3slcg4npnt_m90tc0000gn/T//ccRMuZ0H.s 			page 11


DEFINED SYMBOLS
                            *ABS*:0000000000000000 main.c
/var/folders/w9/nchy6r0n3slcg4npnt_m90tc0000gn/T//ccRMuZ0H.s:16     .text.Error_Handler:0000000000000000 $t
/var/folders/w9/nchy6r0n3slcg4npnt_m90tc0000gn/T//ccRMuZ0H.s:24     .text.Error_Handler:0000000000000000 Error_Handler
/var/folders/w9/nchy6r0n3slcg4npnt_m90tc0000gn/T//ccRMuZ0H.s:57     .text.SystemClock_Config:0000000000000000 $t
/var/folders/w9/nchy6r0n3slcg4npnt_m90tc0000gn/T//ccRMuZ0H.s:64     .text.SystemClock_Config:0000000000000000 SystemClock_Config
/var/folders/w9/nchy6r0n3slcg4npnt_m90tc0000gn/T//ccRMuZ0H.s:151    .text.main:0000000000000000 $t
/var/folders/w9/nchy6r0n3slcg4npnt_m90tc0000gn/T//ccRMuZ0H.s:158    .text.main:0000000000000000 main

UNDEFINED SYMBOLS
memset
HAL_RCC_OscConfig
HAL_RCC_ClockConfig
HAL_Init
