ARM GAS  /var/folders/w9/nchy6r0n3slcg4npnt_m90tc0000gn/T//ccCU2VWF.s 			page 1


   1              		.cpu cortex-m0
   2              		.eabi_attribute 20, 1
   3              		.eabi_attribute 21, 1
   4              		.eabi_attribute 23, 3
   5              		.eabi_attribute 24, 1
   6              		.eabi_attribute 25, 1
   7              		.eabi_attribute 26, 1
   8              		.eabi_attribute 30, 1
   9              		.eabi_attribute 34, 0
  10              		.eabi_attribute 18, 4
  11              		.file	"syscalls.c"
  12              		.text
  13              	.Ltext0:
  14              		.cfi_sections	.debug_frame
  15              		.section	.text.initialise_monitor_handles,"ax",%progbits
  16              		.align	1
  17              		.global	initialise_monitor_handles
  18              		.arch armv6s-m
  19              		.syntax unified
  20              		.code	16
  21              		.thumb_func
  22              		.fpu softvfp
  24              	initialise_monitor_handles:
  25              	.LFB25:
  26              		.file 1 "Core/Src/syscalls.c"
   1:Core/Src/syscalls.c **** /**
   2:Core/Src/syscalls.c ****  ******************************************************************************
   3:Core/Src/syscalls.c ****  * @file      syscalls.c
   4:Core/Src/syscalls.c ****  * @author    Auto-generated by STM32CubeMX
   5:Core/Src/syscalls.c ****  * @brief     Minimal System calls file
   6:Core/Src/syscalls.c ****  *
   7:Core/Src/syscalls.c ****  *            For more information about which c-functions
   8:Core/Src/syscalls.c ****  *            need which of these lowlevel functions
   9:Core/Src/syscalls.c ****  *            please consult the Newlib libc-manual
  10:Core/Src/syscalls.c ****  ******************************************************************************
  11:Core/Src/syscalls.c ****  * @attention
  12:Core/Src/syscalls.c ****  *
  13:Core/Src/syscalls.c ****  * Copyright (c) 2020-2024 STMicroelectronics.
  14:Core/Src/syscalls.c ****  * All rights reserved.
  15:Core/Src/syscalls.c ****  *
  16:Core/Src/syscalls.c ****  * This software is licensed under terms that can be found in the LICENSE file
  17:Core/Src/syscalls.c ****  * in the root directory of this software component.
  18:Core/Src/syscalls.c ****  * If no LICENSE file comes with this software, it is provided AS-IS.
  19:Core/Src/syscalls.c ****  *
  20:Core/Src/syscalls.c ****  ******************************************************************************
  21:Core/Src/syscalls.c ****  */
  22:Core/Src/syscalls.c **** 
  23:Core/Src/syscalls.c **** /* Includes */
  24:Core/Src/syscalls.c **** #include <sys/stat.h>
  25:Core/Src/syscalls.c **** #include <stdlib.h>
  26:Core/Src/syscalls.c **** #include <errno.h>
  27:Core/Src/syscalls.c **** #include <stdio.h>
  28:Core/Src/syscalls.c **** #include <signal.h>
  29:Core/Src/syscalls.c **** #include <time.h>
  30:Core/Src/syscalls.c **** #include <sys/time.h>
  31:Core/Src/syscalls.c **** #include <sys/times.h>
  32:Core/Src/syscalls.c **** 
ARM GAS  /var/folders/w9/nchy6r0n3slcg4npnt_m90tc0000gn/T//ccCU2VWF.s 			page 2


  33:Core/Src/syscalls.c **** 
  34:Core/Src/syscalls.c **** /* Variables */
  35:Core/Src/syscalls.c **** extern int __io_putchar(int ch) __attribute__((weak));
  36:Core/Src/syscalls.c **** extern int __io_getchar(void) __attribute__((weak));
  37:Core/Src/syscalls.c **** 
  38:Core/Src/syscalls.c **** 
  39:Core/Src/syscalls.c **** char *__env[1] = { 0 };
  40:Core/Src/syscalls.c **** char **environ = __env;
  41:Core/Src/syscalls.c **** 
  42:Core/Src/syscalls.c **** 
  43:Core/Src/syscalls.c **** /* Functions */
  44:Core/Src/syscalls.c **** void initialise_monitor_handles()
  45:Core/Src/syscalls.c **** {
  27              		.loc 1 45 1 view -0
  28              		.cfi_startproc
  29              		@ args = 0, pretend = 0, frame = 0
  30              		@ frame_needed = 0, uses_anonymous_args = 0
  31              		@ link register save eliminated.
  46:Core/Src/syscalls.c **** }
  32              		.loc 1 46 1 view .LVU1
  33              		@ sp needed
  34 0000 7047     		bx	lr
  35              		.cfi_endproc
  36              	.LFE25:
  38              		.section	.text._getpid,"ax",%progbits
  39              		.align	1
  40              		.global	_getpid
  41              		.syntax unified
  42              		.code	16
  43              		.thumb_func
  44              		.fpu softvfp
  46              	_getpid:
  47              	.LFB26:
  47:Core/Src/syscalls.c **** 
  48:Core/Src/syscalls.c **** int _getpid(void)
  49:Core/Src/syscalls.c **** {
  48              		.loc 1 49 1 view -0
  49              		.cfi_startproc
  50              		@ args = 0, pretend = 0, frame = 0
  51              		@ frame_needed = 0, uses_anonymous_args = 0
  52              		@ link register save eliminated.
  50:Core/Src/syscalls.c ****   return 1;
  53              		.loc 1 50 3 view .LVU3
  51:Core/Src/syscalls.c **** }
  54              		.loc 1 51 1 is_stmt 0 view .LVU4
  55 0000 0120     		movs	r0, #1
  56              		@ sp needed
  57 0002 7047     		bx	lr
  58              		.cfi_endproc
  59              	.LFE26:
  61              		.section	.text._kill,"ax",%progbits
  62              		.align	1
  63              		.global	_kill
  64              		.syntax unified
  65              		.code	16
  66              		.thumb_func
  67              		.fpu softvfp
ARM GAS  /var/folders/w9/nchy6r0n3slcg4npnt_m90tc0000gn/T//ccCU2VWF.s 			page 3


  69              	_kill:
  70              	.LVL0:
  71              	.LFB27:
  52:Core/Src/syscalls.c **** 
  53:Core/Src/syscalls.c **** int _kill(int pid, int sig)
  54:Core/Src/syscalls.c **** {
  72              		.loc 1 54 1 is_stmt 1 view -0
  73              		.cfi_startproc
  74              		@ args = 0, pretend = 0, frame = 0
  75              		@ frame_needed = 0, uses_anonymous_args = 0
  76              		.loc 1 54 1 is_stmt 0 view .LVU6
  77 0000 10B5     		push	{r4, lr}
  78              	.LCFI0:
  79              		.cfi_def_cfa_offset 8
  80              		.cfi_offset 4, -8
  81              		.cfi_offset 14, -4
  55:Core/Src/syscalls.c ****   (void)pid;
  82              		.loc 1 55 3 is_stmt 1 view .LVU7
  56:Core/Src/syscalls.c ****   (void)sig;
  83              		.loc 1 56 3 view .LVU8
  57:Core/Src/syscalls.c ****   errno = EINVAL;
  84              		.loc 1 57 3 view .LVU9
  85 0002 FFF7FEFF 		bl	__errno
  86              	.LVL1:
  87              		.loc 1 57 9 is_stmt 0 view .LVU10
  88 0006 1623     		movs	r3, #22
  89 0008 0360     		str	r3, [r0]
  58:Core/Src/syscalls.c ****   return -1;
  90              		.loc 1 58 3 is_stmt 1 view .LVU11
  91              		.loc 1 58 10 is_stmt 0 view .LVU12
  92 000a 0120     		movs	r0, #1
  59:Core/Src/syscalls.c **** }
  93              		.loc 1 59 1 view .LVU13
  94 000c 4042     		rsbs	r0, r0, #0
  95              		@ sp needed
  96 000e 10BD     		pop	{r4, pc}
  97              		.cfi_endproc
  98              	.LFE27:
 100              		.section	.text._exit,"ax",%progbits
 101              		.align	1
 102              		.global	_exit
 103              		.syntax unified
 104              		.code	16
 105              		.thumb_func
 106              		.fpu softvfp
 108              	_exit:
 109              	.LVL2:
 110              	.LFB28:
  60:Core/Src/syscalls.c **** 
  61:Core/Src/syscalls.c **** void _exit (int status)
  62:Core/Src/syscalls.c **** {
 111              		.loc 1 62 1 is_stmt 1 view -0
 112              		.cfi_startproc
 113              		@ Volatile: function does not return.
 114              		@ args = 0, pretend = 0, frame = 0
 115              		@ frame_needed = 0, uses_anonymous_args = 0
 116              		.loc 1 62 1 is_stmt 0 view .LVU15
ARM GAS  /var/folders/w9/nchy6r0n3slcg4npnt_m90tc0000gn/T//ccCU2VWF.s 			page 4


 117 0000 10B5     		push	{r4, lr}
 118              	.LCFI1:
 119              		.cfi_def_cfa_offset 8
 120              		.cfi_offset 4, -8
 121              		.cfi_offset 14, -4
  63:Core/Src/syscalls.c ****   _kill(status, -1);
 122              		.loc 1 63 3 is_stmt 1 view .LVU16
 123 0002 0121     		movs	r1, #1
 124 0004 4942     		rsbs	r1, r1, #0
 125 0006 FFF7FEFF 		bl	_kill
 126              	.LVL3:
 127              	.L5:
  64:Core/Src/syscalls.c ****   while (1) {}    /* Make sure we hang here */
 128              		.loc 1 64 3 discriminator 1 view .LVU17
 129              		.loc 1 64 14 discriminator 1 view .LVU18
 130              		.loc 1 64 9 discriminator 1 view .LVU19
 131 000a FEE7     		b	.L5
 132              		.cfi_endproc
 133              	.LFE28:
 135              		.section	.text._read,"ax",%progbits
 136              		.align	1
 137              		.weak	_read
 138              		.syntax unified
 139              		.code	16
 140              		.thumb_func
 141              		.fpu softvfp
 143              	_read:
 144              	.LVL4:
 145              	.LFB29:
  65:Core/Src/syscalls.c **** }
  66:Core/Src/syscalls.c **** 
  67:Core/Src/syscalls.c **** __attribute__((weak)) int _read(int file, char *ptr, int len)
  68:Core/Src/syscalls.c **** {
 146              		.loc 1 68 1 view -0
 147              		.cfi_startproc
 148              		@ args = 0, pretend = 0, frame = 0
 149              		@ frame_needed = 0, uses_anonymous_args = 0
 150              		.loc 1 68 1 is_stmt 0 view .LVU21
 151 0000 70B5     		push	{r4, r5, r6, lr}
 152              	.LCFI2:
 153              		.cfi_def_cfa_offset 16
 154              		.cfi_offset 4, -16
 155              		.cfi_offset 5, -12
 156              		.cfi_offset 6, -8
 157              		.cfi_offset 14, -4
 158 0002 0C00     		movs	r4, r1
 159 0004 1600     		movs	r6, r2
  69:Core/Src/syscalls.c ****   (void)file;
 160              		.loc 1 69 3 is_stmt 1 view .LVU22
  70:Core/Src/syscalls.c ****   int DataIdx;
 161              		.loc 1 70 3 view .LVU23
  71:Core/Src/syscalls.c **** 
  72:Core/Src/syscalls.c ****   for (DataIdx = 0; DataIdx < len; DataIdx++)
 162              		.loc 1 72 3 view .LVU24
 163              	.LVL5:
 164              		.loc 1 72 16 is_stmt 0 view .LVU25
 165 0006 0025     		movs	r5, #0
ARM GAS  /var/folders/w9/nchy6r0n3slcg4npnt_m90tc0000gn/T//ccCU2VWF.s 			page 5


 166              		.loc 1 72 3 view .LVU26
 167 0008 04E0     		b	.L7
 168              	.LVL6:
 169              	.L8:
  73:Core/Src/syscalls.c ****   {
  74:Core/Src/syscalls.c ****     *ptr++ = __io_getchar();
 170              		.loc 1 74 5 is_stmt 1 discriminator 3 view .LVU27
 171              		.loc 1 74 14 is_stmt 0 discriminator 3 view .LVU28
 172 000a FFF7FEFF 		bl	__io_getchar
 173              	.LVL7:
 174              		.loc 1 74 12 discriminator 3 view .LVU29
 175 000e 2070     		strb	r0, [r4]
  72:Core/Src/syscalls.c ****   {
 176              		.loc 1 72 36 is_stmt 1 discriminator 3 view .LVU30
  72:Core/Src/syscalls.c ****   {
 177              		.loc 1 72 43 is_stmt 0 discriminator 3 view .LVU31
 178 0010 0135     		adds	r5, r5, #1
 179              	.LVL8:
 180              		.loc 1 74 9 discriminator 3 view .LVU32
 181 0012 0134     		adds	r4, r4, #1
 182              	.LVL9:
 183              	.L7:
  72:Core/Src/syscalls.c ****   {
 184              		.loc 1 72 21 is_stmt 1 discriminator 1 view .LVU33
  72:Core/Src/syscalls.c ****   {
 185              		.loc 1 72 3 is_stmt 0 discriminator 1 view .LVU34
 186 0014 B542     		cmp	r5, r6
 187 0016 F8DB     		blt	.L8
  75:Core/Src/syscalls.c ****   }
  76:Core/Src/syscalls.c **** 
  77:Core/Src/syscalls.c ****   return len;
 188              		.loc 1 77 3 is_stmt 1 view .LVU35
  78:Core/Src/syscalls.c **** }
 189              		.loc 1 78 1 is_stmt 0 view .LVU36
 190 0018 3000     		movs	r0, r6
 191              		@ sp needed
 192              	.LVL10:
 193              	.LVL11:
 194              	.LVL12:
 195              		.loc 1 78 1 view .LVU37
 196 001a 70BD     		pop	{r4, r5, r6, pc}
 197              		.cfi_endproc
 198              	.LFE29:
 200              		.section	.text._write,"ax",%progbits
 201              		.align	1
 202              		.weak	_write
 203              		.syntax unified
 204              		.code	16
 205              		.thumb_func
 206              		.fpu softvfp
 208              	_write:
 209              	.LVL13:
 210              	.LFB30:
  79:Core/Src/syscalls.c **** 
  80:Core/Src/syscalls.c **** __attribute__((weak)) int _write(int file, char *ptr, int len)
  81:Core/Src/syscalls.c **** {
 211              		.loc 1 81 1 is_stmt 1 view -0
ARM GAS  /var/folders/w9/nchy6r0n3slcg4npnt_m90tc0000gn/T//ccCU2VWF.s 			page 6


 212              		.cfi_startproc
 213              		@ args = 0, pretend = 0, frame = 0
 214              		@ frame_needed = 0, uses_anonymous_args = 0
 215              		.loc 1 81 1 is_stmt 0 view .LVU39
 216 0000 70B5     		push	{r4, r5, r6, lr}
 217              	.LCFI3:
 218              		.cfi_def_cfa_offset 16
 219              		.cfi_offset 4, -16
 220              		.cfi_offset 5, -12
 221              		.cfi_offset 6, -8
 222              		.cfi_offset 14, -4
 223 0002 1600     		movs	r6, r2
  82:Core/Src/syscalls.c ****   (void)file;
 224              		.loc 1 82 3 is_stmt 1 view .LVU40
  83:Core/Src/syscalls.c ****   int DataIdx;
 225              		.loc 1 83 3 view .LVU41
  84:Core/Src/syscalls.c **** 
  85:Core/Src/syscalls.c ****   for (DataIdx = 0; DataIdx < len; DataIdx++)
 226              		.loc 1 85 3 view .LVU42
 227              	.LVL14:
 228              		.loc 1 85 16 is_stmt 0 view .LVU43
 229 0004 0024     		movs	r4, #0
 230              		.loc 1 85 3 view .LVU44
 231 0006 05E0     		b	.L10
 232              	.LVL15:
 233              	.L11:
  86:Core/Src/syscalls.c ****   {
  87:Core/Src/syscalls.c ****     __io_putchar(*ptr++);
 234              		.loc 1 87 5 is_stmt 1 discriminator 3 view .LVU45
 235              		.loc 1 87 22 is_stmt 0 discriminator 3 view .LVU46
 236 0008 4D1C     		adds	r5, r1, #1
 237              	.LVL16:
 238              		.loc 1 87 18 discriminator 3 view .LVU47
 239 000a 0878     		ldrb	r0, [r1]
 240              		.loc 1 87 5 discriminator 3 view .LVU48
 241 000c FFF7FEFF 		bl	__io_putchar
 242              	.LVL17:
  85:Core/Src/syscalls.c ****   {
 243              		.loc 1 85 36 is_stmt 1 discriminator 3 view .LVU49
  85:Core/Src/syscalls.c ****   {
 244              		.loc 1 85 43 is_stmt 0 discriminator 3 view .LVU50
 245 0010 0134     		adds	r4, r4, #1
 246              	.LVL18:
 247              		.loc 1 87 22 discriminator 3 view .LVU51
 248 0012 2900     		movs	r1, r5
 249              	.LVL19:
 250              	.L10:
  85:Core/Src/syscalls.c ****   {
 251              		.loc 1 85 21 is_stmt 1 discriminator 1 view .LVU52
  85:Core/Src/syscalls.c ****   {
 252              		.loc 1 85 3 is_stmt 0 discriminator 1 view .LVU53
 253 0014 B442     		cmp	r4, r6
 254 0016 F7DB     		blt	.L11
  88:Core/Src/syscalls.c ****   }
  89:Core/Src/syscalls.c ****   return len;
 255              		.loc 1 89 3 is_stmt 1 view .LVU54
  90:Core/Src/syscalls.c **** }
ARM GAS  /var/folders/w9/nchy6r0n3slcg4npnt_m90tc0000gn/T//ccCU2VWF.s 			page 7


 256              		.loc 1 90 1 is_stmt 0 view .LVU55
 257 0018 3000     		movs	r0, r6
 258              		@ sp needed
 259              	.LVL20:
 260              	.LVL21:
 261              		.loc 1 90 1 view .LVU56
 262 001a 70BD     		pop	{r4, r5, r6, pc}
 263              		.cfi_endproc
 264              	.LFE30:
 266              		.section	.text._close,"ax",%progbits
 267              		.align	1
 268              		.global	_close
 269              		.syntax unified
 270              		.code	16
 271              		.thumb_func
 272              		.fpu softvfp
 274              	_close:
 275              	.LVL22:
 276              	.LFB31:
  91:Core/Src/syscalls.c **** 
  92:Core/Src/syscalls.c **** int _close(int file)
  93:Core/Src/syscalls.c **** {
 277              		.loc 1 93 1 is_stmt 1 view -0
 278              		.cfi_startproc
 279              		@ args = 0, pretend = 0, frame = 0
 280              		@ frame_needed = 0, uses_anonymous_args = 0
 281              		@ link register save eliminated.
  94:Core/Src/syscalls.c ****   (void)file;
 282              		.loc 1 94 3 view .LVU58
  95:Core/Src/syscalls.c ****   return -1;
 283              		.loc 1 95 3 view .LVU59
 284              		.loc 1 95 10 is_stmt 0 view .LVU60
 285 0000 0120     		movs	r0, #1
 286              	.LVL23:
  96:Core/Src/syscalls.c **** }
 287              		.loc 1 96 1 view .LVU61
 288 0002 4042     		rsbs	r0, r0, #0
 289              		@ sp needed
 290 0004 7047     		bx	lr
 291              		.cfi_endproc
 292              	.LFE31:
 294              		.section	.text._fstat,"ax",%progbits
 295              		.align	1
 296              		.global	_fstat
 297              		.syntax unified
 298              		.code	16
 299              		.thumb_func
 300              		.fpu softvfp
 302              	_fstat:
 303              	.LVL24:
 304              	.LFB32:
  97:Core/Src/syscalls.c **** 
  98:Core/Src/syscalls.c **** 
  99:Core/Src/syscalls.c **** int _fstat(int file, struct stat *st)
 100:Core/Src/syscalls.c **** {
 305              		.loc 1 100 1 is_stmt 1 view -0
 306              		.cfi_startproc
ARM GAS  /var/folders/w9/nchy6r0n3slcg4npnt_m90tc0000gn/T//ccCU2VWF.s 			page 8


 307              		@ args = 0, pretend = 0, frame = 0
 308              		@ frame_needed = 0, uses_anonymous_args = 0
 309              		@ link register save eliminated.
 101:Core/Src/syscalls.c ****   (void)file;
 310              		.loc 1 101 3 view .LVU63
 102:Core/Src/syscalls.c ****   st->st_mode = S_IFCHR;
 311              		.loc 1 102 3 view .LVU64
 312              		.loc 1 102 15 is_stmt 0 view .LVU65
 313 0000 8023     		movs	r3, #128
 314 0002 9B01     		lsls	r3, r3, #6
 315 0004 4B60     		str	r3, [r1, #4]
 103:Core/Src/syscalls.c ****   return 0;
 316              		.loc 1 103 3 is_stmt 1 view .LVU66
 104:Core/Src/syscalls.c **** }
 317              		.loc 1 104 1 is_stmt 0 view .LVU67
 318 0006 0020     		movs	r0, #0
 319              	.LVL25:
 320              		.loc 1 104 1 view .LVU68
 321              		@ sp needed
 322 0008 7047     		bx	lr
 323              		.cfi_endproc
 324              	.LFE32:
 326              		.section	.text._isatty,"ax",%progbits
 327              		.align	1
 328              		.global	_isatty
 329              		.syntax unified
 330              		.code	16
 331              		.thumb_func
 332              		.fpu softvfp
 334              	_isatty:
 335              	.LVL26:
 336              	.LFB33:
 105:Core/Src/syscalls.c **** 
 106:Core/Src/syscalls.c **** int _isatty(int file)
 107:Core/Src/syscalls.c **** {
 337              		.loc 1 107 1 is_stmt 1 view -0
 338              		.cfi_startproc
 339              		@ args = 0, pretend = 0, frame = 0
 340              		@ frame_needed = 0, uses_anonymous_args = 0
 341              		@ link register save eliminated.
 108:Core/Src/syscalls.c ****   (void)file;
 342              		.loc 1 108 3 view .LVU70
 109:Core/Src/syscalls.c ****   return 1;
 343              		.loc 1 109 3 view .LVU71
 110:Core/Src/syscalls.c **** }
 344              		.loc 1 110 1 is_stmt 0 view .LVU72
 345 0000 0120     		movs	r0, #1
 346              	.LVL27:
 347              		.loc 1 110 1 view .LVU73
 348              		@ sp needed
 349 0002 7047     		bx	lr
 350              		.cfi_endproc
 351              	.LFE33:
 353              		.section	.text._lseek,"ax",%progbits
 354              		.align	1
 355              		.global	_lseek
 356              		.syntax unified
ARM GAS  /var/folders/w9/nchy6r0n3slcg4npnt_m90tc0000gn/T//ccCU2VWF.s 			page 9


 357              		.code	16
 358              		.thumb_func
 359              		.fpu softvfp
 361              	_lseek:
 362              	.LVL28:
 363              	.LFB34:
 111:Core/Src/syscalls.c **** 
 112:Core/Src/syscalls.c **** int _lseek(int file, int ptr, int dir)
 113:Core/Src/syscalls.c **** {
 364              		.loc 1 113 1 is_stmt 1 view -0
 365              		.cfi_startproc
 366              		@ args = 0, pretend = 0, frame = 0
 367              		@ frame_needed = 0, uses_anonymous_args = 0
 368              		@ link register save eliminated.
 114:Core/Src/syscalls.c ****   (void)file;
 369              		.loc 1 114 3 view .LVU75
 115:Core/Src/syscalls.c ****   (void)ptr;
 370              		.loc 1 115 3 view .LVU76
 116:Core/Src/syscalls.c ****   (void)dir;
 371              		.loc 1 116 3 view .LVU77
 117:Core/Src/syscalls.c ****   return 0;
 372              		.loc 1 117 3 view .LVU78
 118:Core/Src/syscalls.c **** }
 373              		.loc 1 118 1 is_stmt 0 view .LVU79
 374 0000 0020     		movs	r0, #0
 375              	.LVL29:
 376              		.loc 1 118 1 view .LVU80
 377              		@ sp needed
 378 0002 7047     		bx	lr
 379              		.cfi_endproc
 380              	.LFE34:
 382              		.section	.text._open,"ax",%progbits
 383              		.align	1
 384              		.global	_open
 385              		.syntax unified
 386              		.code	16
 387              		.thumb_func
 388              		.fpu softvfp
 390              	_open:
 391              	.LVL30:
 392              	.LFB35:
 119:Core/Src/syscalls.c **** 
 120:Core/Src/syscalls.c **** int _open(char *path, int flags, ...)
 121:Core/Src/syscalls.c **** {
 393              		.loc 1 121 1 is_stmt 1 view -0
 394              		.cfi_startproc
 395              		@ args = 4, pretend = 12, frame = 0
 396              		@ frame_needed = 0, uses_anonymous_args = 1
 397              		@ link register save eliminated.
 398              		.loc 1 121 1 is_stmt 0 view .LVU82
 399 0000 0EB4     		push	{r1, r2, r3}
 400              	.LCFI4:
 401              		.cfi_def_cfa_offset 12
 122:Core/Src/syscalls.c ****   (void)path;
 402              		.loc 1 122 3 is_stmt 1 view .LVU83
 123:Core/Src/syscalls.c ****   (void)flags;
 403              		.loc 1 123 3 view .LVU84
ARM GAS  /var/folders/w9/nchy6r0n3slcg4npnt_m90tc0000gn/T//ccCU2VWF.s 			page 10


 124:Core/Src/syscalls.c ****   /* Pretend like we always fail */
 125:Core/Src/syscalls.c ****   return -1;
 404              		.loc 1 125 3 view .LVU85
 405              		.loc 1 125 10 is_stmt 0 view .LVU86
 406 0002 0120     		movs	r0, #1
 407              	.LVL31:
 126:Core/Src/syscalls.c **** }
 408              		.loc 1 126 1 view .LVU87
 409 0004 4042     		rsbs	r0, r0, #0
 410              		@ sp needed
 411 0006 03B0     		add	sp, sp, #12
 412 0008 7047     		bx	lr
 413              		.cfi_endproc
 414              	.LFE35:
 416              		.section	.text._wait,"ax",%progbits
 417              		.align	1
 418              		.global	_wait
 419              		.syntax unified
 420              		.code	16
 421              		.thumb_func
 422              		.fpu softvfp
 424              	_wait:
 425              	.LVL32:
 426              	.LFB36:
 127:Core/Src/syscalls.c **** 
 128:Core/Src/syscalls.c **** int _wait(int *status)
 129:Core/Src/syscalls.c **** {
 427              		.loc 1 129 1 is_stmt 1 view -0
 428              		.cfi_startproc
 429              		@ args = 0, pretend = 0, frame = 0
 430              		@ frame_needed = 0, uses_anonymous_args = 0
 431              		.loc 1 129 1 is_stmt 0 view .LVU89
 432 0000 10B5     		push	{r4, lr}
 433              	.LCFI5:
 434              		.cfi_def_cfa_offset 8
 435              		.cfi_offset 4, -8
 436              		.cfi_offset 14, -4
 130:Core/Src/syscalls.c ****   (void)status;
 437              		.loc 1 130 3 is_stmt 1 view .LVU90
 131:Core/Src/syscalls.c ****   errno = ECHILD;
 438              		.loc 1 131 3 view .LVU91
 439 0002 FFF7FEFF 		bl	__errno
 440              	.LVL33:
 441              		.loc 1 131 9 is_stmt 0 view .LVU92
 442 0006 0A23     		movs	r3, #10
 443 0008 0360     		str	r3, [r0]
 132:Core/Src/syscalls.c ****   return -1;
 444              		.loc 1 132 3 is_stmt 1 view .LVU93
 445              		.loc 1 132 10 is_stmt 0 view .LVU94
 446 000a 0120     		movs	r0, #1
 133:Core/Src/syscalls.c **** }
 447              		.loc 1 133 1 view .LVU95
 448 000c 4042     		rsbs	r0, r0, #0
 449              		@ sp needed
 450 000e 10BD     		pop	{r4, pc}
 451              		.cfi_endproc
 452              	.LFE36:
ARM GAS  /var/folders/w9/nchy6r0n3slcg4npnt_m90tc0000gn/T//ccCU2VWF.s 			page 11


 454              		.section	.text._unlink,"ax",%progbits
 455              		.align	1
 456              		.global	_unlink
 457              		.syntax unified
 458              		.code	16
 459              		.thumb_func
 460              		.fpu softvfp
 462              	_unlink:
 463              	.LVL34:
 464              	.LFB37:
 134:Core/Src/syscalls.c **** 
 135:Core/Src/syscalls.c **** int _unlink(char *name)
 136:Core/Src/syscalls.c **** {
 465              		.loc 1 136 1 is_stmt 1 view -0
 466              		.cfi_startproc
 467              		@ args = 0, pretend = 0, frame = 0
 468              		@ frame_needed = 0, uses_anonymous_args = 0
 469              		.loc 1 136 1 is_stmt 0 view .LVU97
 470 0000 10B5     		push	{r4, lr}
 471              	.LCFI6:
 472              		.cfi_def_cfa_offset 8
 473              		.cfi_offset 4, -8
 474              		.cfi_offset 14, -4
 137:Core/Src/syscalls.c ****   (void)name;
 475              		.loc 1 137 3 is_stmt 1 view .LVU98
 138:Core/Src/syscalls.c ****   errno = ENOENT;
 476              		.loc 1 138 3 view .LVU99
 477 0002 FFF7FEFF 		bl	__errno
 478              	.LVL35:
 479              		.loc 1 138 9 is_stmt 0 view .LVU100
 480 0006 0223     		movs	r3, #2
 481 0008 0360     		str	r3, [r0]
 139:Core/Src/syscalls.c ****   return -1;
 482              		.loc 1 139 3 is_stmt 1 view .LVU101
 483              		.loc 1 139 10 is_stmt 0 view .LVU102
 484 000a 0120     		movs	r0, #1
 140:Core/Src/syscalls.c **** }
 485              		.loc 1 140 1 view .LVU103
 486 000c 4042     		rsbs	r0, r0, #0
 487              		@ sp needed
 488 000e 10BD     		pop	{r4, pc}
 489              		.cfi_endproc
 490              	.LFE37:
 492              		.section	.text._times,"ax",%progbits
 493              		.align	1
 494              		.global	_times
 495              		.syntax unified
 496              		.code	16
 497              		.thumb_func
 498              		.fpu softvfp
 500              	_times:
 501              	.LVL36:
 502              	.LFB38:
 141:Core/Src/syscalls.c **** 
 142:Core/Src/syscalls.c **** int _times(struct tms *buf)
 143:Core/Src/syscalls.c **** {
 503              		.loc 1 143 1 is_stmt 1 view -0
ARM GAS  /var/folders/w9/nchy6r0n3slcg4npnt_m90tc0000gn/T//ccCU2VWF.s 			page 12


 504              		.cfi_startproc
 505              		@ args = 0, pretend = 0, frame = 0
 506              		@ frame_needed = 0, uses_anonymous_args = 0
 507              		@ link register save eliminated.
 144:Core/Src/syscalls.c ****   (void)buf;
 508              		.loc 1 144 3 view .LVU105
 145:Core/Src/syscalls.c ****   return -1;
 509              		.loc 1 145 3 view .LVU106
 510              		.loc 1 145 10 is_stmt 0 view .LVU107
 511 0000 0120     		movs	r0, #1
 512              	.LVL37:
 146:Core/Src/syscalls.c **** }
 513              		.loc 1 146 1 view .LVU108
 514 0002 4042     		rsbs	r0, r0, #0
 515              		@ sp needed
 516 0004 7047     		bx	lr
 517              		.cfi_endproc
 518              	.LFE38:
 520              		.section	.text._stat,"ax",%progbits
 521              		.align	1
 522              		.global	_stat
 523              		.syntax unified
 524              		.code	16
 525              		.thumb_func
 526              		.fpu softvfp
 528              	_stat:
 529              	.LVL38:
 530              	.LFB39:
 147:Core/Src/syscalls.c **** 
 148:Core/Src/syscalls.c **** int _stat(char *file, struct stat *st)
 149:Core/Src/syscalls.c **** {
 531              		.loc 1 149 1 is_stmt 1 view -0
 532              		.cfi_startproc
 533              		@ args = 0, pretend = 0, frame = 0
 534              		@ frame_needed = 0, uses_anonymous_args = 0
 535              		@ link register save eliminated.
 150:Core/Src/syscalls.c ****   (void)file;
 536              		.loc 1 150 3 view .LVU110
 151:Core/Src/syscalls.c ****   st->st_mode = S_IFCHR;
 537              		.loc 1 151 3 view .LVU111
 538              		.loc 1 151 15 is_stmt 0 view .LVU112
 539 0000 8023     		movs	r3, #128
 540 0002 9B01     		lsls	r3, r3, #6
 541 0004 4B60     		str	r3, [r1, #4]
 152:Core/Src/syscalls.c ****   return 0;
 542              		.loc 1 152 3 is_stmt 1 view .LVU113
 153:Core/Src/syscalls.c **** }
 543              		.loc 1 153 1 is_stmt 0 view .LVU114
 544 0006 0020     		movs	r0, #0
 545              	.LVL39:
 546              		.loc 1 153 1 view .LVU115
 547              		@ sp needed
 548 0008 7047     		bx	lr
 549              		.cfi_endproc
 550              	.LFE39:
 552              		.section	.text._link,"ax",%progbits
 553              		.align	1
ARM GAS  /var/folders/w9/nchy6r0n3slcg4npnt_m90tc0000gn/T//ccCU2VWF.s 			page 13


 554              		.global	_link
 555              		.syntax unified
 556              		.code	16
 557              		.thumb_func
 558              		.fpu softvfp
 560              	_link:
 561              	.LVL40:
 562              	.LFB40:
 154:Core/Src/syscalls.c **** 
 155:Core/Src/syscalls.c **** int _link(char *old, char *new)
 156:Core/Src/syscalls.c **** {
 563              		.loc 1 156 1 is_stmt 1 view -0
 564              		.cfi_startproc
 565              		@ args = 0, pretend = 0, frame = 0
 566              		@ frame_needed = 0, uses_anonymous_args = 0
 567              		.loc 1 156 1 is_stmt 0 view .LVU117
 568 0000 10B5     		push	{r4, lr}
 569              	.LCFI7:
 570              		.cfi_def_cfa_offset 8
 571              		.cfi_offset 4, -8
 572              		.cfi_offset 14, -4
 157:Core/Src/syscalls.c ****   (void)old;
 573              		.loc 1 157 3 is_stmt 1 view .LVU118
 158:Core/Src/syscalls.c ****   (void)new;
 574              		.loc 1 158 3 view .LVU119
 159:Core/Src/syscalls.c ****   errno = EMLINK;
 575              		.loc 1 159 3 view .LVU120
 576 0002 FFF7FEFF 		bl	__errno
 577              	.LVL41:
 578              		.loc 1 159 9 is_stmt 0 view .LVU121
 579 0006 1F23     		movs	r3, #31
 580 0008 0360     		str	r3, [r0]
 160:Core/Src/syscalls.c ****   return -1;
 581              		.loc 1 160 3 is_stmt 1 view .LVU122
 582              		.loc 1 160 10 is_stmt 0 view .LVU123
 583 000a 0120     		movs	r0, #1
 161:Core/Src/syscalls.c **** }
 584              		.loc 1 161 1 view .LVU124
 585 000c 4042     		rsbs	r0, r0, #0
 586              		@ sp needed
 587 000e 10BD     		pop	{r4, pc}
 588              		.cfi_endproc
 589              	.LFE40:
 591              		.section	.text._fork,"ax",%progbits
 592              		.align	1
 593              		.global	_fork
 594              		.syntax unified
 595              		.code	16
 596              		.thumb_func
 597              		.fpu softvfp
 599              	_fork:
 600              	.LFB41:
 162:Core/Src/syscalls.c **** 
 163:Core/Src/syscalls.c **** int _fork(void)
 164:Core/Src/syscalls.c **** {
 601              		.loc 1 164 1 is_stmt 1 view -0
 602              		.cfi_startproc
ARM GAS  /var/folders/w9/nchy6r0n3slcg4npnt_m90tc0000gn/T//ccCU2VWF.s 			page 14


 603              		@ args = 0, pretend = 0, frame = 0
 604              		@ frame_needed = 0, uses_anonymous_args = 0
 605 0000 10B5     		push	{r4, lr}
 606              	.LCFI8:
 607              		.cfi_def_cfa_offset 8
 608              		.cfi_offset 4, -8
 609              		.cfi_offset 14, -4
 165:Core/Src/syscalls.c ****   errno = EAGAIN;
 610              		.loc 1 165 3 view .LVU126
 611 0002 FFF7FEFF 		bl	__errno
 612              	.LVL42:
 613              		.loc 1 165 9 is_stmt 0 view .LVU127
 614 0006 0B23     		movs	r3, #11
 615 0008 0360     		str	r3, [r0]
 166:Core/Src/syscalls.c ****   return -1;
 616              		.loc 1 166 3 is_stmt 1 view .LVU128
 617              		.loc 1 166 10 is_stmt 0 view .LVU129
 618 000a 0120     		movs	r0, #1
 167:Core/Src/syscalls.c **** }
 619              		.loc 1 167 1 view .LVU130
 620 000c 4042     		rsbs	r0, r0, #0
 621              		@ sp needed
 622 000e 10BD     		pop	{r4, pc}
 623              		.cfi_endproc
 624              	.LFE41:
 626              		.section	.text._execve,"ax",%progbits
 627              		.align	1
 628              		.global	_execve
 629              		.syntax unified
 630              		.code	16
 631              		.thumb_func
 632              		.fpu softvfp
 634              	_execve:
 635              	.LVL43:
 636              	.LFB42:
 168:Core/Src/syscalls.c **** 
 169:Core/Src/syscalls.c **** int _execve(char *name, char **argv, char **env)
 170:Core/Src/syscalls.c **** {
 637              		.loc 1 170 1 is_stmt 1 view -0
 638              		.cfi_startproc
 639              		@ args = 0, pretend = 0, frame = 0
 640              		@ frame_needed = 0, uses_anonymous_args = 0
 641              		.loc 1 170 1 is_stmt 0 view .LVU132
 642 0000 10B5     		push	{r4, lr}
 643              	.LCFI9:
 644              		.cfi_def_cfa_offset 8
 645              		.cfi_offset 4, -8
 646              		.cfi_offset 14, -4
 171:Core/Src/syscalls.c ****   (void)name;
 647              		.loc 1 171 3 is_stmt 1 view .LVU133
 172:Core/Src/syscalls.c ****   (void)argv;
 648              		.loc 1 172 3 view .LVU134
 173:Core/Src/syscalls.c ****   (void)env;
 649              		.loc 1 173 3 view .LVU135
 174:Core/Src/syscalls.c ****   errno = ENOMEM;
 650              		.loc 1 174 3 view .LVU136
 651 0002 FFF7FEFF 		bl	__errno
ARM GAS  /var/folders/w9/nchy6r0n3slcg4npnt_m90tc0000gn/T//ccCU2VWF.s 			page 15


 652              	.LVL44:
 653              		.loc 1 174 9 is_stmt 0 view .LVU137
 654 0006 0C23     		movs	r3, #12
 655 0008 0360     		str	r3, [r0]
 175:Core/Src/syscalls.c ****   return -1;
 656              		.loc 1 175 3 is_stmt 1 view .LVU138
 657              		.loc 1 175 10 is_stmt 0 view .LVU139
 658 000a 0120     		movs	r0, #1
 176:Core/Src/syscalls.c **** }
 659              		.loc 1 176 1 view .LVU140
 660 000c 4042     		rsbs	r0, r0, #0
 661              		@ sp needed
 662 000e 10BD     		pop	{r4, pc}
 663              		.cfi_endproc
 664              	.LFE42:
 666              		.global	environ
 667              		.global	__env
 668              		.section	.bss.__env,"aw",%nobits
 669              		.align	2
 672              	__env:
 673 0000 00000000 		.space	4
 674              		.section	.data.environ,"aw"
 675              		.align	2
 678              	environ:
 679 0000 00000000 		.word	__env
 680              		.weak	__io_putchar
 681              		.weak	__io_getchar
 682              		.text
 683              	.Letext0:
 684              		.file 2 "/opt/homebrew/Cellar/arm-none-eabi-gcc/10.3-2021.07/gcc/arm-none-eabi/include/machine/_de
 685              		.file 3 "/opt/homebrew/Cellar/arm-none-eabi-gcc/10.3-2021.07/gcc/arm-none-eabi/include/sys/_types.
 686              		.file 4 "/opt/homebrew/Cellar/arm-none-eabi-gcc/10.3-2021.07/gcc/arm-none-eabi/include/sys/_timeva
 687              		.file 5 "/opt/homebrew/Cellar/arm-none-eabi-gcc/10.3-2021.07/gcc/arm-none-eabi/include/sys/_timesp
 688              		.file 6 "/opt/homebrew/Cellar/arm-none-eabi-gcc/10.3-2021.07/gcc/arm-none-eabi/include/sys/types.h
 689              		.file 7 "/opt/homebrew/Cellar/arm-none-eabi-gcc/10.3-2021.07/gcc/arm-none-eabi/include/sys/stat.h"
 690              		.file 8 "/opt/homebrew/Cellar/arm-none-eabi-gcc/10.3-2021.07/gcc/arm-none-eabi/include/sys/times.h
 691              		.file 9 "/opt/homebrew/Cellar/arm-none-eabi-gcc/10.3-2021.07/gcc/arm-none-eabi/include/sys/errno.h
ARM GAS  /var/folders/w9/nchy6r0n3slcg4npnt_m90tc0000gn/T//ccCU2VWF.s 			page 16


DEFINED SYMBOLS
                            *ABS*:0000000000000000 syscalls.c
/var/folders/w9/nchy6r0n3slcg4npnt_m90tc0000gn/T//ccCU2VWF.s:16     .text.initialise_monitor_handles:0000000000000000 $t
/var/folders/w9/nchy6r0n3slcg4npnt_m90tc0000gn/T//ccCU2VWF.s:24     .text.initialise_monitor_handles:0000000000000000 initialise_monitor_handles
/var/folders/w9/nchy6r0n3slcg4npnt_m90tc0000gn/T//ccCU2VWF.s:39     .text._getpid:0000000000000000 $t
/var/folders/w9/nchy6r0n3slcg4npnt_m90tc0000gn/T//ccCU2VWF.s:46     .text._getpid:0000000000000000 _getpid
/var/folders/w9/nchy6r0n3slcg4npnt_m90tc0000gn/T//ccCU2VWF.s:62     .text._kill:0000000000000000 $t
/var/folders/w9/nchy6r0n3slcg4npnt_m90tc0000gn/T//ccCU2VWF.s:69     .text._kill:0000000000000000 _kill
/var/folders/w9/nchy6r0n3slcg4npnt_m90tc0000gn/T//ccCU2VWF.s:101    .text._exit:0000000000000000 $t
/var/folders/w9/nchy6r0n3slcg4npnt_m90tc0000gn/T//ccCU2VWF.s:108    .text._exit:0000000000000000 _exit
/var/folders/w9/nchy6r0n3slcg4npnt_m90tc0000gn/T//ccCU2VWF.s:136    .text._read:0000000000000000 $t
/var/folders/w9/nchy6r0n3slcg4npnt_m90tc0000gn/T//ccCU2VWF.s:143    .text._read:0000000000000000 _read
/var/folders/w9/nchy6r0n3slcg4npnt_m90tc0000gn/T//ccCU2VWF.s:201    .text._write:0000000000000000 $t
/var/folders/w9/nchy6r0n3slcg4npnt_m90tc0000gn/T//ccCU2VWF.s:208    .text._write:0000000000000000 _write
/var/folders/w9/nchy6r0n3slcg4npnt_m90tc0000gn/T//ccCU2VWF.s:267    .text._close:0000000000000000 $t
/var/folders/w9/nchy6r0n3slcg4npnt_m90tc0000gn/T//ccCU2VWF.s:274    .text._close:0000000000000000 _close
/var/folders/w9/nchy6r0n3slcg4npnt_m90tc0000gn/T//ccCU2VWF.s:295    .text._fstat:0000000000000000 $t
/var/folders/w9/nchy6r0n3slcg4npnt_m90tc0000gn/T//ccCU2VWF.s:302    .text._fstat:0000000000000000 _fstat
/var/folders/w9/nchy6r0n3slcg4npnt_m90tc0000gn/T//ccCU2VWF.s:327    .text._isatty:0000000000000000 $t
/var/folders/w9/nchy6r0n3slcg4npnt_m90tc0000gn/T//ccCU2VWF.s:334    .text._isatty:0000000000000000 _isatty
/var/folders/w9/nchy6r0n3slcg4npnt_m90tc0000gn/T//ccCU2VWF.s:354    .text._lseek:0000000000000000 $t
/var/folders/w9/nchy6r0n3slcg4npnt_m90tc0000gn/T//ccCU2VWF.s:361    .text._lseek:0000000000000000 _lseek
/var/folders/w9/nchy6r0n3slcg4npnt_m90tc0000gn/T//ccCU2VWF.s:383    .text._open:0000000000000000 $t
/var/folders/w9/nchy6r0n3slcg4npnt_m90tc0000gn/T//ccCU2VWF.s:390    .text._open:0000000000000000 _open
/var/folders/w9/nchy6r0n3slcg4npnt_m90tc0000gn/T//ccCU2VWF.s:417    .text._wait:0000000000000000 $t
/var/folders/w9/nchy6r0n3slcg4npnt_m90tc0000gn/T//ccCU2VWF.s:424    .text._wait:0000000000000000 _wait
/var/folders/w9/nchy6r0n3slcg4npnt_m90tc0000gn/T//ccCU2VWF.s:455    .text._unlink:0000000000000000 $t
/var/folders/w9/nchy6r0n3slcg4npnt_m90tc0000gn/T//ccCU2VWF.s:462    .text._unlink:0000000000000000 _unlink
/var/folders/w9/nchy6r0n3slcg4npnt_m90tc0000gn/T//ccCU2VWF.s:493    .text._times:0000000000000000 $t
/var/folders/w9/nchy6r0n3slcg4npnt_m90tc0000gn/T//ccCU2VWF.s:500    .text._times:0000000000000000 _times
/var/folders/w9/nchy6r0n3slcg4npnt_m90tc0000gn/T//ccCU2VWF.s:521    .text._stat:0000000000000000 $t
/var/folders/w9/nchy6r0n3slcg4npnt_m90tc0000gn/T//ccCU2VWF.s:528    .text._stat:0000000000000000 _stat
/var/folders/w9/nchy6r0n3slcg4npnt_m90tc0000gn/T//ccCU2VWF.s:553    .text._link:0000000000000000 $t
/var/folders/w9/nchy6r0n3slcg4npnt_m90tc0000gn/T//ccCU2VWF.s:560    .text._link:0000000000000000 _link
/var/folders/w9/nchy6r0n3slcg4npnt_m90tc0000gn/T//ccCU2VWF.s:592    .text._fork:0000000000000000 $t
/var/folders/w9/nchy6r0n3slcg4npnt_m90tc0000gn/T//ccCU2VWF.s:599    .text._fork:0000000000000000 _fork
/var/folders/w9/nchy6r0n3slcg4npnt_m90tc0000gn/T//ccCU2VWF.s:627    .text._execve:0000000000000000 $t
/var/folders/w9/nchy6r0n3slcg4npnt_m90tc0000gn/T//ccCU2VWF.s:634    .text._execve:0000000000000000 _execve
/var/folders/w9/nchy6r0n3slcg4npnt_m90tc0000gn/T//ccCU2VWF.s:678    .data.environ:0000000000000000 environ
/var/folders/w9/nchy6r0n3slcg4npnt_m90tc0000gn/T//ccCU2VWF.s:672    .bss.__env:0000000000000000 __env
/var/folders/w9/nchy6r0n3slcg4npnt_m90tc0000gn/T//ccCU2VWF.s:669    .bss.__env:0000000000000000 $d
/var/folders/w9/nchy6r0n3slcg4npnt_m90tc0000gn/T//ccCU2VWF.s:675    .data.environ:0000000000000000 $d

UNDEFINED SYMBOLS
__errno
__io_getchar
__io_putchar
